[2017-03-17 05:22:28] production.ERROR: exception 'PDOException' with message 'SQLSTATE[HY000] [1045] Access denied for user 'root'@'localhost' (using password: NO)' in /mnt/windows/wamp/www/fiats/vendor/laravel/framework/src/Illuminate/Database/Connectors/Connector.php:47
Stack trace:
#0 /mnt/windows/wamp/www/fiats/vendor/laravel/framework/src/Illuminate/Database/Connectors/Connector.php(47): PDO->__construct('mysql:host=loca...', 'root', '', Array)
#1 /mnt/windows/wamp/www/fiats/vendor/laravel/framework/src/Illuminate/Database/Connectors/MySqlConnector.php(20): Illuminate\Database\Connectors\Connector->createConnection('mysql:host=loca...', Array, Array)
#2 /mnt/windows/wamp/www/fiats/vendor/laravel/framework/src/Illuminate/Database/Connectors/ConnectionFactory.php(58): Illuminate\Database\Connectors\MySqlConnector->connect(Array)
#3 /mnt/windows/wamp/www/fiats/vendor/laravel/framework/src/Illuminate/Database/Connectors/ConnectionFactory.php(71): Illuminate\Database\Connectors\ConnectionFactory->createSingleConnection(Array)
#4 /mnt/windows/wamp/www/fiats/vendor/laravel/framework/src/Illuminate/Database/Connectors/ConnectionFactory.php(44): Illuminate\Database\Connectors\ConnectionFactory->createReadWriteConnection(Array)
#5 /mnt/windows/wamp/www/fiats/vendor/laravel/framework/src/Illuminate/Database/DatabaseManager.php(177): Illuminate\Database\Connectors\ConnectionFactory->make(Array, 'mysql')
#6 /mnt/windows/wamp/www/fiats/vendor/laravel/framework/src/Illuminate/Database/DatabaseManager.php(65): Illuminate\Database\DatabaseManager->makeConnection('mysql')
#7 /mnt/windows/wamp/www/fiats/vendor/laravel/framework/src/Illuminate/Database/Eloquent/Model.php(3224): Illuminate\Database\DatabaseManager->connection(NULL)
#8 /mnt/windows/wamp/www/fiats/vendor/laravel/framework/src/Illuminate/Database/Eloquent/Model.php(3190): Illuminate\Database\Eloquent\Model::resolveConnection(NULL)
#9 /mnt/windows/wamp/www/fiats/vendor/laravel/framework/src/Illuminate/Database/Eloquent/Model.php(1965): Illuminate\Database\Eloquent\Model->getConnection()
#10 /mnt/windows/wamp/www/fiats/vendor/laravel/framework/src/Illuminate/Database/Eloquent/Model.php(1906): Illuminate\Database\Eloquent\Model->newBaseQueryBuilder()
#11 /mnt/windows/wamp/www/fiats/vendor/laravel/framework/src/Illuminate/Database/Eloquent/Model.php(1880): Illuminate\Database\Eloquent\Model->newQueryWithoutScopes()
#12 /mnt/windows/wamp/www/fiats/vendor/laravel/framework/src/Illuminate/Database/Eloquent/Model.php(3438): Illuminate\Database\Eloquent\Model->newQuery()
#13 [internal function]: Illuminate\Database\Eloquent\Model->__call('where', Array)
#14 [internal function]: App\Models\Members->where('creator_ref', '=', NULL)
#15 /mnt/windows/wamp/www/fiats/vendor/laravel/framework/src/Illuminate/Database/Eloquent/Model.php(3454): call_user_func_array(Array, Array)
#16 /mnt/windows/wamp/www/fiats/app/Http/Controllers/PersonController.php(58): Illuminate\Database\Eloquent\Model::__callStatic('where', Array)
#17 /mnt/windows/wamp/www/fiats/app/Http/Controllers/PersonController.php(58): App\Models\Members::where('creator_ref', '=', NULL)
#18 /mnt/windows/wamp/www/fiats/app/Http/Controllers/PersonController.php(41): App\Http\Controllers\PersonController->page()
#19 [internal function]: App\Http\Controllers\PersonController->index()
#20 /mnt/windows/wamp/www/fiats/vendor/laravel/framework/src/Illuminate/Routing/Controller.php(246): call_user_func_array(Array, Array)
#21 /mnt/windows/wamp/www/fiats/vendor/laravel/framework/src/Illuminate/Routing/ControllerDispatcher.php(162): Illuminate\Routing\Controller->callAction('index', Array)
#22 /mnt/windows/wamp/www/fiats/vendor/laravel/framework/src/Illuminate/Routing/ControllerDispatcher.php(107): Illuminate\Routing\ControllerDispatcher->call(Object(App\Http\Controllers\PersonController), Object(Illuminate\Routing\Route), 'index')
#23 [internal function]: Illuminate\Routing\ControllerDispatcher->Illuminate\Routing\{closure}(Object(Illuminate\Http\Request))
#24 /mnt/windows/wamp/www/fiats/vendor/laravel/framework/src/Illuminate/Pipeline/Pipeline.php(141): call_user_func(Object(Closure), Object(Illuminate\Http\Request))
#25 [internal function]: Illuminate\Pipeline\Pipeline->Illuminate\Pipeline\{closure}(Object(Illuminate\Http\Request))
#26 /mnt/windows/wamp/www/fiats/vendor/laravel/framework/src/Illuminate/Pipeline/Pipeline.php(101): call_user_func(Object(Closure), Object(Illuminate\Http\Request))
#27 /mnt/windows/wamp/www/fiats/vendor/laravel/framework/src/Illuminate/Routing/ControllerDispatcher.php(108): Illuminate\Pipeline\Pipeline->then(Object(Closure))
#28 /mnt/windows/wamp/www/fiats/vendor/laravel/framework/src/Illuminate/Routing/ControllerDispatcher.php(67): Illuminate\Routing\ControllerDispatcher->callWithinStack(Object(App\Http\Controllers\PersonController), Object(Illuminate\Routing\Route), Object(Illuminate\Http\Request), 'index')
#29 /mnt/windows/wamp/www/fiats/vendor/laravel/framework/src/Illuminate/Routing/Route.php(204): Illuminate\Routing\ControllerDispatcher->dispatch(Object(Illuminate\Routing\Route), Object(Illuminate\Http\Request), 'App\\Http\\Contro...', 'index')
#30 /mnt/windows/wamp/www/fiats/vendor/laravel/framework/src/Illuminate/Routing/Route.php(134): Illuminate\Routing\Route->runWithCustomDispatcher(Object(Illuminate\Http\Request))
#31 /mnt/windows/wamp/www/fiats/vendor/laravel/framework/src/Illuminate/Routing/Router.php(701): Illuminate\Routing\Route->run(Object(Illuminate\Http\Request))
#32 [internal function]: Illuminate\Routing\Router->Illuminate\Routing\{closure}(Object(Illuminate\Http\Request))
#33 /mnt/windows/wamp/www/fiats/vendor/laravel/framework/src/Illuminate/Pipeline/Pipeline.php(141): call_user_func(Object(Closure), Object(Illuminate\Http\Request))
#34 [internal function]: Illuminate\Pipeline\Pipeline->Illuminate\Pipeline\{closure}(Object(Illuminate\Http\Request))
#35 /mnt/windows/wamp/www/fiats/vendor/laravel/framework/src/Illuminate/Pipeline/Pipeline.php(101): call_user_func(Object(Closure), Object(Illuminate\Http\Request))
#36 /mnt/windows/wamp/www/fiats/vendor/laravel/framework/src/Illuminate/Routing/Router.php(703): Illuminate\Pipeline\Pipeline->then(Object(Closure))
#37 /mnt/windows/wamp/www/fiats/vendor/laravel/framework/src/Illuminate/Routing/Router.php(670): Illuminate\Routing\Router->runRouteWithinStack(Object(Illuminate\Routing\Route), Object(Illuminate\Http\Request))
#38 /mnt/windows/wamp/www/fiats/vendor/laravel/framework/src/Illuminate/Routing/Router.php(628): Illuminate\Routing\Router->dispatchToRoute(Object(Illuminate\Http\Request))
#39 /mnt/windows/wamp/www/fiats/vendor/laravel/framework/src/Illuminate/Foundation/Http/Kernel.php(214): Illuminate\Routing\Router->dispatch(Object(Illuminate\Http\Request))
#40 [internal function]: Illuminate\Foundation\Http\Kernel->Illuminate\Foundation\Http\{closure}(Object(Illuminate\Http\Request))
#41 /mnt/windows/wamp/www/fiats/vendor/laravel/framework/src/Illuminate/Pipeline/Pipeline.php(141): call_user_func(Object(Closure), Object(Illuminate\Http\Request))
#42 /mnt/windows/wamp/www/fiats/app/Http/Middleware/VerifyCsrfToken.php(27): Illuminate\Pipeline\Pipeline->Illuminate\Pipeline\{closure}(Object(Illuminate\Http\Request))
#43 /mnt/windows/wamp/www/fiats/vendor/laravel/framework/src/Illuminate/Pipeline/Pipeline.php(125): App\Http\Middleware\VerifyCsrfToken->handle(Object(Illuminate\Http\Request), Object(Closure))
#44 /mnt/windows/wamp/www/fiats/vendor/laravel/framework/src/Illuminate/View/Middleware/ShareErrorsFromSession.php(55): Illuminate\Pipeline\Pipeline->Illuminate\Pipeline\{closure}(Object(Illuminate\Http\Request))
#45 /mnt/windows/wamp/www/fiats/vendor/laravel/framework/src/Illuminate/Pipeline/Pipeline.php(125): Illuminate\View\Middleware\ShareErrorsFromSession->handle(Object(Illuminate\Http\Request), Object(Closure))
#46 /mnt/windows/wamp/www/fiats/vendor/laravel/framework/src/Illuminate/Session/Middleware/StartSession.php(61): Illuminate\Pipeline\Pipeline->Illuminate\Pipeline\{closure}(Object(Illuminate\Http\Request))
#47 /mnt/windows/wamp/www/fiats/vendor/laravel/framework/src/Illuminate/Pipeline/Pipeline.php(125): Illuminate\Session\Middleware\StartSession->handle(Object(Illuminate\Http\Request), Object(Closure))
#48 /mnt/windows/wamp/www/fiats/vendor/laravel/framework/src/Illuminate/Cookie/Middleware/AddQueuedCookiesToResponse.php(36): Illuminate\Pipeline\Pipeline->Illuminate\Pipeline\{closure}(Object(Illuminate\Http\Request))
#49 /mnt/windows/wamp/www/fiats/vendor/laravel/framework/src/Illuminate/Pipeline/Pipeline.php(125): Illuminate\Cookie\Middleware\AddQueuedCookiesToResponse->handle(Object(Illuminate\Http\Request), Object(Closure))
#50 /mnt/windows/wamp/www/fiats/vendor/laravel/framework/src/Illuminate/Cookie/Middleware/EncryptCookies.php(40): Illuminate\Pipeline\Pipeline->Illuminate\Pipeline\{closure}(Object(Illuminate\Http\Request))
#51 /mnt/windows/wamp/www/fiats/vendor/laravel/framework/src/Illuminate/Pipeline/Pipeline.php(125): Illuminate\Cookie\Middleware\EncryptCookies->handle(Object(Illuminate\Http\Request), Object(Closure))
#52 /mnt/windows/wamp/www/fiats/vendor/laravel/framework/src/Illuminate/Foundation/Http/Middleware/CheckForMaintenanceMode.php(42): Illuminate\Pipeline\Pipeline->Illuminate\Pipeline\{closure}(Object(Illuminate\Http\Request))
#53 /mnt/windows/wamp/www/fiats/vendor/laravel/framework/src/Illuminate/Pipeline/Pipeline.php(125): Illuminate\Foundation\Http\Middleware\CheckForMaintenanceMode->handle(Object(Illuminate\Http\Request), Object(Closure))
#54 [internal function]: Illuminate\Pipeline\Pipeline->Illuminate\Pipeline\{closure}(Object(Illuminate\Http\Request))
#55 /mnt/windows/wamp/www/fiats/vendor/laravel/framework/src/Illuminate/Pipeline/Pipeline.php(101): call_user_func(Object(Closure), Object(Illuminate\Http\Request))
#56 /mnt/windows/wamp/www/fiats/vendor/laravel/framework/src/Illuminate/Foundation/Http/Kernel.php(115): Illuminate\Pipeline\Pipeline->then(Object(Closure))
#57 /mnt/windows/wamp/www/fiats/vendor/laravel/framework/src/Illuminate/Foundation/Http/Kernel.php(84): Illuminate\Foundation\Http\Kernel->sendRequestThroughRouter(Object(Illuminate\Http\Request))
#58 /mnt/windows/wamp/www/fiats/public/index.php(53): Illuminate\Foundation\Http\Kernel->handle(Object(Illuminate\Http\Request))
#59 /mnt/windows/wamp/www/fiats/index.php(24): require_once('/mnt/windows/wa...')
#60 {main}  
[2017-03-17 05:28:00] production.ERROR: exception 'ErrorException' with message 'Trying to get property of non-object' in /mnt/windows/wamp/www/fiats/storage/framework/views/be49699fe21739b8ffa1c83624df3483:1
Stack trace:
#0 /mnt/windows/wamp/www/fiats/storage/framework/views/be49699fe21739b8ffa1c83624df3483(1): Illuminate\Foundation\Bootstrap\HandleExceptions->handleError(8, 'Trying to get p...', '/mnt/windows/wa...', 1, Array)
#1 /mnt/windows/wamp/www/fiats/vendor/laravel/framework/src/Illuminate/View/Engines/PhpEngine.php(39): include('/mnt/windows/wa...')
#2 /mnt/windows/wamp/www/fiats/vendor/laravel/framework/src/Illuminate/View/Engines/CompilerEngine.php(57): Illuminate\View\Engines\PhpEngine->evaluatePath('/mnt/windows/wa...', Array)
#3 /mnt/windows/wamp/www/fiats/vendor/laravel/framework/src/Illuminate/View/View.php(136): Illuminate\View\Engines\CompilerEngine->get('/mnt/windows/wa...', Array)
#4 /mnt/windows/wamp/www/fiats/vendor/laravel/framework/src/Illuminate/View/View.php(104): Illuminate\View\View->getContents()
#5 /mnt/windows/wamp/www/fiats/vendor/laravel/framework/src/Illuminate/View/View.php(78): Illuminate\View\View->renderContents()
#6 /mnt/windows/wamp/www/fiats/vendor/laravel/framework/src/Illuminate/Mail/Mailer.php(439): Illuminate\View\View->render()
#7 /mnt/windows/wamp/www/fiats/vendor/laravel/framework/src/Illuminate/Mail/Mailer.php(302): Illuminate\Mail\Mailer->getView('emails.receipts', Array)
#8 /mnt/windows/wamp/www/fiats/vendor/laravel/framework/src/Illuminate/Mail/Mailer.php(164): Illuminate\Mail\Mailer->addContent(Object(Illuminate\Mail\Message), 'emails.receipts', NULL, NULL, Array)
#9 /mnt/windows/wamp/www/fiats/vendor/laravel/framework/src/Illuminate/Mail/Mailer.php(255): Illuminate\Mail\Mailer->send('emails.receipts', Array, Object(Closure))
#10 /mnt/windows/wamp/www/fiats/vendor/laravel/framework/src/Illuminate/Queue/Jobs/Job.php(126): Illuminate\Mail\Mailer->handleQueuedMessage(Object(Illuminate\Queue\Jobs\SyncJob), Array)
#11 /mnt/windows/wamp/www/fiats/vendor/laravel/framework/src/Illuminate/Queue/Jobs/SyncJob.php(42): Illuminate\Queue\Jobs\Job->resolveAndFire(Array)
#12 /mnt/windows/wamp/www/fiats/vendor/laravel/framework/src/Illuminate/Queue/SyncQueue.php(25): Illuminate\Queue\Jobs\SyncJob->fire()
#13 /mnt/windows/wamp/www/fiats/vendor/laravel/framework/src/Illuminate/Mail/Mailer.php(184): Illuminate\Queue\SyncQueue->push('mailer@handleQu...', Array, NULL)
#14 /mnt/windows/wamp/www/fiats/vendor/laravel/framework/src/Illuminate/Support/Facades/Facade.php(216): Illuminate\Mail\Mailer->queue('emails.receipts', Array, Object(Closure))
#15 /mnt/windows/wamp/www/fiats/app/Http/Controllers/PaymentController.php(191): Illuminate\Support\Facades\Facade::__callStatic('queue', Array)
#16 /mnt/windows/wamp/www/fiats/app/Http/Controllers/PaymentController.php(191): Illuminate\Support\Facades\Mail::queue('emails.receipts', Array, Object(Closure))
#17 /mnt/windows/wamp/www/fiats/app/Http/Controllers/PaymentController.php(169): App\Http\Controllers\PaymentController->oneMail(Object(App\Models\Members))
#18 /mnt/windows/wamp/www/fiats/app/Http/Controllers/PaymentController.php(251): App\Http\Controllers\PaymentController->doConfirm('Admin', 3)
#19 [internal function]: App\Http\Controllers\PaymentController->onGo()
#20 /mnt/windows/wamp/www/fiats/vendor/laravel/framework/src/Illuminate/Routing/Controller.php(246): call_user_func_array(Array, Array)
#21 /mnt/windows/wamp/www/fiats/vendor/laravel/framework/src/Illuminate/Routing/ControllerDispatcher.php(162): Illuminate\Routing\Controller->callAction('onGo', Array)
#22 /mnt/windows/wamp/www/fiats/vendor/laravel/framework/src/Illuminate/Routing/ControllerDispatcher.php(107): Illuminate\Routing\ControllerDispatcher->call(Object(App\Http\Controllers\PaymentController), Object(Illuminate\Routing\Route), 'onGo')
#23 [internal function]: Illuminate\Routing\ControllerDispatcher->Illuminate\Routing\{closure}(Object(Illuminate\Http\Request))
#24 /mnt/windows/wamp/www/fiats/vendor/laravel/framework/src/Illuminate/Pipeline/Pipeline.php(141): call_user_func(Object(Closure), Object(Illuminate\Http\Request))
#25 [internal function]: Illuminate\Pipeline\Pipeline->Illuminate\Pipeline\{closure}(Object(Illuminate\Http\Request))
#26 /mnt/windows/wamp/www/fiats/vendor/laravel/framework/src/Illuminate/Pipeline/Pipeline.php(101): call_user_func(Object(Closure), Object(Illuminate\Http\Request))
#27 /mnt/windows/wamp/www/fiats/vendor/laravel/framework/src/Illuminate/Routing/ControllerDispatcher.php(108): Illuminate\Pipeline\Pipeline->then(Object(Closure))
#28 /mnt/windows/wamp/www/fiats/vendor/laravel/framework/src/Illuminate/Routing/ControllerDispatcher.php(67): Illuminate\Routing\ControllerDispatcher->callWithinStack(Object(App\Http\Controllers\PaymentController), Object(Illuminate\Routing\Route), Object(Illuminate\Http\Request), 'onGo')
#29 /mnt/windows/wamp/www/fiats/vendor/laravel/framework/src/Illuminate/Routing/Route.php(204): Illuminate\Routing\ControllerDispatcher->dispatch(Object(Illuminate\Routing\Route), Object(Illuminate\Http\Request), 'App\\Http\\Contro...', 'onGo')
#30 /mnt/windows/wamp/www/fiats/vendor/laravel/framework/src/Illuminate/Routing/Route.php(134): Illuminate\Routing\Route->runWithCustomDispatcher(Object(Illuminate\Http\Request))
#31 /mnt/windows/wamp/www/fiats/vendor/laravel/framework/src/Illuminate/Routing/Router.php(701): Illuminate\Routing\Route->run(Object(Illuminate\Http\Request))
#32 [internal function]: Illuminate\Routing\Router->Illuminate\Routing\{closure}(Object(Illuminate\Http\Request))
#33 /mnt/windows/wamp/www/fiats/vendor/laravel/framework/src/Illuminate/Pipeline/Pipeline.php(141): call_user_func(Object(Closure), Object(Illuminate\Http\Request))
#34 [internal function]: Illuminate\Pipeline\Pipeline->Illuminate\Pipeline\{closure}(Object(Illuminate\Http\Request))
#35 /mnt/windows/wamp/www/fiats/vendor/laravel/framework/src/Illuminate/Pipeline/Pipeline.php(101): call_user_func(Object(Closure), Object(Illuminate\Http\Request))
#36 /mnt/windows/wamp/www/fiats/vendor/laravel/framework/src/Illuminate/Routing/Router.php(703): Illuminate\Pipeline\Pipeline->then(Object(Closure))
#37 /mnt/windows/wamp/www/fiats/vendor/laravel/framework/src/Illuminate/Routing/Router.php(670): Illuminate\Routing\Router->runRouteWithinStack(Object(Illuminate\Routing\Route), Object(Illuminate\Http\Request))
#38 /mnt/windows/wamp/www/fiats/vendor/laravel/framework/src/Illuminate/Routing/Router.php(628): Illuminate\Routing\Router->dispatchToRoute(Object(Illuminate\Http\Request))
#39 /mnt/windows/wamp/www/fiats/vendor/laravel/framework/src/Illuminate/Foundation/Http/Kernel.php(214): Illuminate\Routing\Router->dispatch(Object(Illuminate\Http\Request))
#40 [internal function]: Illuminate\Foundation\Http\Kernel->Illuminate\Foundation\Http\{closure}(Object(Illuminate\Http\Request))
#41 /mnt/windows/wamp/www/fiats/vendor/laravel/framework/src/Illuminate/Pipeline/Pipeline.php(141): call_user_func(Object(Closure), Object(Illuminate\Http\Request))
#42 /mnt/windows/wamp/www/fiats/app/Http/Middleware/VerifyCsrfToken.php(27): Illuminate\Pipeline\Pipeline->Illuminate\Pipeline\{closure}(Object(Illuminate\Http\Request))
#43 /mnt/windows/wamp/www/fiats/vendor/laravel/framework/src/Illuminate/Pipeline/Pipeline.php(125): App\Http\Middleware\VerifyCsrfToken->handle(Object(Illuminate\Http\Request), Object(Closure))
#44 /mnt/windows/wamp/www/fiats/vendor/laravel/framework/src/Illuminate/View/Middleware/ShareErrorsFromSession.php(55): Illuminate\Pipeline\Pipeline->Illuminate\Pipeline\{closure}(Object(Illuminate\Http\Request))
#45 /mnt/windows/wamp/www/fiats/vendor/laravel/framework/src/Illuminate/Pipeline/Pipeline.php(125): Illuminate\View\Middleware\ShareErrorsFromSession->handle(Object(Illuminate\Http\Request), Object(Closure))
#46 /mnt/windows/wamp/www/fiats/vendor/laravel/framework/src/Illuminate/Session/Middleware/StartSession.php(61): Illuminate\Pipeline\Pipeline->Illuminate\Pipeline\{closure}(Object(Illuminate\Http\Request))
#47 /mnt/windows/wamp/www/fiats/vendor/laravel/framework/src/Illuminate/Pipeline/Pipeline.php(125): Illuminate\Session\Middleware\StartSession->handle(Object(Illuminate\Http\Request), Object(Closure))
#48 /mnt/windows/wamp/www/fiats/vendor/laravel/framework/src/Illuminate/Cookie/Middleware/AddQueuedCookiesToResponse.php(36): Illuminate\Pipeline\Pipeline->Illuminate\Pipeline\{closure}(Object(Illuminate\Http\Request))
#49 /mnt/windows/wamp/www/fiats/vendor/laravel/framework/src/Illuminate/Pipeline/Pipeline.php(125): Illuminate\Cookie\Middleware\AddQueuedCookiesToResponse->handle(Object(Illuminate\Http\Request), Object(Closure))
#50 /mnt/windows/wamp/www/fiats/vendor/laravel/framework/src/Illuminate/Cookie/Middleware/EncryptCookies.php(40): Illuminate\Pipeline\Pipeline->Illuminate\Pipeline\{closure}(Object(Illuminate\Http\Request))
#51 /mnt/windows/wamp/www/fiats/vendor/laravel/framework/src/Illuminate/Pipeline/Pipeline.php(125): Illuminate\Cookie\Middleware\EncryptCookies->handle(Object(Illuminate\Http\Request), Object(Closure))
#52 /mnt/windows/wamp/www/fiats/vendor/laravel/framework/src/Illuminate/Foundation/Http/Middleware/CheckForMaintenanceMode.php(42): Illuminate\Pipeline\Pipeline->Illuminate\Pipeline\{closure}(Object(Illuminate\Http\Request))
#53 /mnt/windows/wamp/www/fiats/vendor/laravel/framework/src/Illuminate/Pipeline/Pipeline.php(125): Illuminate\Foundation\Http\Middleware\CheckForMaintenanceMode->handle(Object(Illuminate\Http\Request), Object(Closure))
#54 [internal function]: Illuminate\Pipeline\Pipeline->Illuminate\Pipeline\{closure}(Object(Illuminate\Http\Request))
#55 /mnt/windows/wamp/www/fiats/vendor/laravel/framework/src/Illuminate/Pipeline/Pipeline.php(101): call_user_func(Object(Closure), Object(Illuminate\Http\Request))
#56 /mnt/windows/wamp/www/fiats/vendor/laravel/framework/src/Illuminate/Foundation/Http/Kernel.php(115): Illuminate\Pipeline\Pipeline->then(Object(Closure))
#57 /mnt/windows/wamp/www/fiats/vendor/laravel/framework/src/Illuminate/Foundation/Http/Kernel.php(84): Illuminate\Foundation\Http\Kernel->sendRequestThroughRouter(Object(Illuminate\Http\Request))
#58 /mnt/windows/wamp/www/fiats/public/index.php(53): Illuminate\Foundation\Http\Kernel->handle(Object(Illuminate\Http\Request))
#59 /mnt/windows/wamp/www/fiats/index.php(24): require_once('/mnt/windows/wa...')
#60 {main}

Next exception 'ErrorException' with message 'Trying to get property of non-object (View: /mnt/windows/wamp/www/fiats/resources/views/emails/receipts.blade.php)' in /mnt/windows/wamp/www/fiats/storage/framework/views/be49699fe21739b8ffa1c83624df3483:1
Stack trace:
#0 /mnt/windows/wamp/www/fiats/vendor/laravel/framework/src/Illuminate/View/Engines/PhpEngine.php(43): Illuminate\View\Engines\CompilerEngine->handleViewException(Object(ErrorException), 1)
#1 /mnt/windows/wamp/www/fiats/vendor/laravel/framework/src/Illuminate/View/Engines/CompilerEngine.php(57): Illuminate\View\Engines\PhpEngine->evaluatePath('/mnt/windows/wa...', Array)
#2 /mnt/windows/wamp/www/fiats/vendor/laravel/framework/src/Illuminate/View/View.php(136): Illuminate\View\Engines\CompilerEngine->get('/mnt/windows/wa...', Array)
#3 /mnt/windows/wamp/www/fiats/vendor/laravel/framework/src/Illuminate/View/View.php(104): Illuminate\View\View->getContents()
#4 /mnt/windows/wamp/www/fiats/vendor/laravel/framework/src/Illuminate/View/View.php(78): Illuminate\View\View->renderContents()
#5 /mnt/windows/wamp/www/fiats/vendor/laravel/framework/src/Illuminate/Mail/Mailer.php(439): Illuminate\View\View->render()
#6 /mnt/windows/wamp/www/fiats/vendor/laravel/framework/src/Illuminate/Mail/Mailer.php(302): Illuminate\Mail\Mailer->getView('emails.receipts', Array)
#7 /mnt/windows/wamp/www/fiats/vendor/laravel/framework/src/Illuminate/Mail/Mailer.php(164): Illuminate\Mail\Mailer->addContent(Object(Illuminate\Mail\Message), 'emails.receipts', NULL, NULL, Array)
#8 /mnt/windows/wamp/www/fiats/vendor/laravel/framework/src/Illuminate/Mail/Mailer.php(255): Illuminate\Mail\Mailer->send('emails.receipts', Array, Object(Closure))
#9 /mnt/windows/wamp/www/fiats/vendor/laravel/framework/src/Illuminate/Queue/Jobs/Job.php(126): Illuminate\Mail\Mailer->handleQueuedMessage(Object(Illuminate\Queue\Jobs\SyncJob), Array)
#10 /mnt/windows/wamp/www/fiats/vendor/laravel/framework/src/Illuminate/Queue/Jobs/SyncJob.php(42): Illuminate\Queue\Jobs\Job->resolveAndFire(Array)
#11 /mnt/windows/wamp/www/fiats/vendor/laravel/framework/src/Illuminate/Queue/SyncQueue.php(25): Illuminate\Queue\Jobs\SyncJob->fire()
#12 /mnt/windows/wamp/www/fiats/vendor/laravel/framework/src/Illuminate/Mail/Mailer.php(184): Illuminate\Queue\SyncQueue->push('mailer@handleQu...', Array, NULL)
#13 /mnt/windows/wamp/www/fiats/vendor/laravel/framework/src/Illuminate/Support/Facades/Facade.php(216): Illuminate\Mail\Mailer->queue('emails.receipts', Array, Object(Closure))
#14 /mnt/windows/wamp/www/fiats/app/Http/Controllers/PaymentController.php(191): Illuminate\Support\Facades\Facade::__callStatic('queue', Array)
#15 /mnt/windows/wamp/www/fiats/app/Http/Controllers/PaymentController.php(191): Illuminate\Support\Facades\Mail::queue('emails.receipts', Array, Object(Closure))
#16 /mnt/windows/wamp/www/fiats/app/Http/Controllers/PaymentController.php(169): App\Http\Controllers\PaymentController->oneMail(Object(App\Models\Members))
#17 /mnt/windows/wamp/www/fiats/app/Http/Controllers/PaymentController.php(251): App\Http\Controllers\PaymentController->doConfirm('Admin', 3)
#18 [internal function]: App\Http\Controllers\PaymentController->onGo()
#19 /mnt/windows/wamp/www/fiats/vendor/laravel/framework/src/Illuminate/Routing/Controller.php(246): call_user_func_array(Array, Array)
#20 /mnt/windows/wamp/www/fiats/vendor/laravel/framework/src/Illuminate/Routing/ControllerDispatcher.php(162): Illuminate\Routing\Controller->callAction('onGo', Array)
#21 /mnt/windows/wamp/www/fiats/vendor/laravel/framework/src/Illuminate/Routing/ControllerDispatcher.php(107): Illuminate\Routing\ControllerDispatcher->call(Object(App\Http\Controllers\PaymentController), Object(Illuminate\Routing\Route), 'onGo')
#22 [internal function]: Illuminate\Routing\ControllerDispatcher->Illuminate\Routing\{closure}(Object(Illuminate\Http\Request))
#23 /mnt/windows/wamp/www/fiats/vendor/laravel/framework/src/Illuminate/Pipeline/Pipeline.php(141): call_user_func(Object(Closure), Object(Illuminate\Http\Request))
#24 [internal function]: Illuminate\Pipeline\Pipeline->Illuminate\Pipeline\{closure}(Object(Illuminate\Http\Request))
#25 /mnt/windows/wamp/www/fiats/vendor/laravel/framework/src/Illuminate/Pipeline/Pipeline.php(101): call_user_func(Object(Closure), Object(Illuminate\Http\Request))
#26 /mnt/windows/wamp/www/fiats/vendor/laravel/framework/src/Illuminate/Routing/ControllerDispatcher.php(108): Illuminate\Pipeline\Pipeline->then(Object(Closure))
#27 /mnt/windows/wamp/www/fiats/vendor/laravel/framework/src/Illuminate/Routing/ControllerDispatcher.php(67): Illuminate\Routing\ControllerDispatcher->callWithinStack(Object(App\Http\Controllers\PaymentController), Object(Illuminate\Routing\Route), Object(Illuminate\Http\Request), 'onGo')
#28 /mnt/windows/wamp/www/fiats/vendor/laravel/framework/src/Illuminate/Routing/Route.php(204): Illuminate\Routing\ControllerDispatcher->dispatch(Object(Illuminate\Routing\Route), Object(Illuminate\Http\Request), 'App\\Http\\Contro...', 'onGo')
#29 /mnt/windows/wamp/www/fiats/vendor/laravel/framework/src/Illuminate/Routing/Route.php(134): Illuminate\Routing\Route->runWithCustomDispatcher(Object(Illuminate\Http\Request))
#30 /mnt/windows/wamp/www/fiats/vendor/laravel/framework/src/Illuminate/Routing/Router.php(701): Illuminate\Routing\Route->run(Object(Illuminate\Http\Request))
#31 [internal function]: Illuminate\Routing\Router->Illuminate\Routing\{closure}(Object(Illuminate\Http\Request))
#32 /mnt/windows/wamp/www/fiats/vendor/laravel/framework/src/Illuminate/Pipeline/Pipeline.php(141): call_user_func(Object(Closure), Object(Illuminate\Http\Request))
#33 [internal function]: Illuminate\Pipeline\Pipeline->Illuminate\Pipeline\{closure}(Object(Illuminate\Http\Request))
#34 /mnt/windows/wamp/www/fiats/vendor/laravel/framework/src/Illuminate/Pipeline/Pipeline.php(101): call_user_func(Object(Closure), Object(Illuminate\Http\Request))
#35 /mnt/windows/wamp/www/fiats/vendor/laravel/framework/src/Illuminate/Routing/Router.php(703): Illuminate\Pipeline\Pipeline->then(Object(Closure))
#36 /mnt/windows/wamp/www/fiats/vendor/laravel/framework/src/Illuminate/Routing/Router.php(670): Illuminate\Routing\Router->runRouteWithinStack(Object(Illuminate\Routing\Route), Object(Illuminate\Http\Request))
#37 /mnt/windows/wamp/www/fiats/vendor/laravel/framework/src/Illuminate/Routing/Router.php(628): Illuminate\Routing\Router->dispatchToRoute(Object(Illuminate\Http\Request))
#38 /mnt/windows/wamp/www/fiats/vendor/laravel/framework/src/Illuminate/Foundation/Http/Kernel.php(214): Illuminate\Routing\Router->dispatch(Object(Illuminate\Http\Request))
#39 [internal function]: Illuminate\Foundation\Http\Kernel->Illuminate\Foundation\Http\{closure}(Object(Illuminate\Http\Request))
#40 /mnt/windows/wamp/www/fiats/vendor/laravel/framework/src/Illuminate/Pipeline/Pipeline.php(141): call_user_func(Object(Closure), Object(Illuminate\Http\Request))
#41 /mnt/windows/wamp/www/fiats/app/Http/Middleware/VerifyCsrfToken.php(27): Illuminate\Pipeline\Pipeline->Illuminate\Pipeline\{closure}(Object(Illuminate\Http\Request))
#42 /mnt/windows/wamp/www/fiats/vendor/laravel/framework/src/Illuminate/Pipeline/Pipeline.php(125): App\Http\Middleware\VerifyCsrfToken->handle(Object(Illuminate\Http\Request), Object(Closure))
#43 /mnt/windows/wamp/www/fiats/vendor/laravel/framework/src/Illuminate/View/Middleware/ShareErrorsFromSession.php(55): Illuminate\Pipeline\Pipeline->Illuminate\Pipeline\{closure}(Object(Illuminate\Http\Request))
#44 /mnt/windows/wamp/www/fiats/vendor/laravel/framework/src/Illuminate/Pipeline/Pipeline.php(125): Illuminate\View\Middleware\ShareErrorsFromSession->handle(Object(Illuminate\Http\Request), Object(Closure))
#45 /mnt/windows/wamp/www/fiats/vendor/laravel/framework/src/Illuminate/Session/Middleware/StartSession.php(61): Illuminate\Pipeline\Pipeline->Illuminate\Pipeline\{closure}(Object(Illuminate\Http\Request))
#46 /mnt/windows/wamp/www/fiats/vendor/laravel/framework/src/Illuminate/Pipeline/Pipeline.php(125): Illuminate\Session\Middleware\StartSession->handle(Object(Illuminate\Http\Request), Object(Closure))
#47 /mnt/windows/wamp/www/fiats/vendor/laravel/framework/src/Illuminate/Cookie/Middleware/AddQueuedCookiesToResponse.php(36): Illuminate\Pipeline\Pipeline->Illuminate\Pipeline\{closure}(Object(Illuminate\Http\Request))
#48 /mnt/windows/wamp/www/fiats/vendor/laravel/framework/src/Illuminate/Pipeline/Pipeline.php(125): Illuminate\Cookie\Middleware\AddQueuedCookiesToResponse->handle(Object(Illuminate\Http\Request), Object(Closure))
#49 /mnt/windows/wamp/www/fiats/vendor/laravel/framework/src/Illuminate/Cookie/Middleware/EncryptCookies.php(40): Illuminate\Pipeline\Pipeline->Illuminate\Pipeline\{closure}(Object(Illuminate\Http\Request))
#50 /mnt/windows/wamp/www/fiats/vendor/laravel/framework/src/Illuminate/Pipeline/Pipeline.php(125): Illuminate\Cookie\Middleware\EncryptCookies->handle(Object(Illuminate\Http\Request), Object(Closure))
#51 /mnt/windows/wamp/www/fiats/vendor/laravel/framework/src/Illuminate/Foundation/Http/Middleware/CheckForMaintenanceMode.php(42): Illuminate\Pipeline\Pipeline->Illuminate\Pipeline\{closure}(Object(Illuminate\Http\Request))
#52 /mnt/windows/wamp/www/fiats/vendor/laravel/framework/src/Illuminate/Pipeline/Pipeline.php(125): Illuminate\Foundation\Http\Middleware\CheckForMaintenanceMode->handle(Object(Illuminate\Http\Request), Object(Closure))
#53 [internal function]: Illuminate\Pipeline\Pipeline->Illuminate\Pipeline\{closure}(Object(Illuminate\Http\Request))
#54 /mnt/windows/wamp/www/fiats/vendor/laravel/framework/src/Illuminate/Pipeline/Pipeline.php(101): call_user_func(Object(Closure), Object(Illuminate\Http\Request))
#55 /mnt/windows/wamp/www/fiats/vendor/laravel/framework/src/Illuminate/Foundation/Http/Kernel.php(115): Illuminate\Pipeline\Pipeline->then(Object(Closure))
#56 /mnt/windows/wamp/www/fiats/vendor/laravel/framework/src/Illuminate/Foundation/Http/Kernel.php(84): Illuminate\Foundation\Http\Kernel->sendRequestThroughRouter(Object(Illuminate\Http\Request))
#57 /mnt/windows/wamp/www/fiats/public/index.php(53): Illuminate\Foundation\Http\Kernel->handle(Object(Illuminate\Http\Request))
#58 /mnt/windows/wamp/www/fiats/index.php(24): require_once('/mnt/windows/wa...')
#59 {main}  
